<?xml version="1.0" encoding="UTF-8"?>
<!-- Generated by org.testng.reporters.JUnitXMLReporter -->
<testsuite ignored="0" hostname="Mohamed-Abdelrahman" failures="3" tests="3" name="TestOnChrome-1" time="42.432" errors="0" timestamp="2023-12-27T18:37:57 GMT+02:00">
  <testcase classname="io.cucumber.testng.AbstractTestNGCucumberTests" name="runScenario" time="4.054">
    <failure type="org.openqa.selenium.ElementClickInterceptedException" message="Element &amp;lt;a class=&amp;quot;button product_type_simple add_to_cart_button ajax_add_to_cart&amp;quot; href=&amp;quot;/?add-to-cart=163&amp;quot;&amp;gt; is not clickable at point (959,153) because another element &amp;lt;div class=&amp;quot;fc-dialog-overlay&amp;quot;&amp;gt; obscures it
Build info: version: &amp;apos;4.16.1&amp;apos;, revision: &amp;apos;9b4c83354e&amp;apos;
System info: os.name: &amp;apos;Windows 10&amp;apos;, os.arch: &amp;apos;amd64&amp;apos;, os.version: &amp;apos;10.0&amp;apos;, java.version: &amp;apos;17.0.8.1&amp;apos;
Driver info: org.openqa.selenium.remote.RemoteWebDriver
Command: [07449a179f1ae82e8fa7492e1c85b3a432ced3e9, clickElement {id=e1f8d2f2-bcda-414f-af6f-3d4afc94fa08}]
Capabilities {acceptInsecureCerts: false, browserName: firefox, browserVersion: 121.0, moz:accessibilityChecks: false, moz:buildID: 20231211174248, moz:geckodriverVersion: 0.33.0, moz:headless: false, moz:platformVersion: 10.0, moz:processID: 3572, moz:profile: C:\Windows\proxy\rust_mozpr..., moz:shutdownTimeout: 60000, moz:webdriverClick: true, moz:windowless: false, optimalHubUrl: hub-euw.browserstack.com, pageLoadStrategy: normal, platformName: windows, proxy: Proxy(), setWindowRect: true, strictFileInteractability: false, timeouts: {implicit: 0, pageLoad: 300000, script: 30000}, unhandledPromptBehavior: dismiss and notify, webdriver.remote.sessionid: 07449a179f1ae82e8fa7492e1c8...}
Element: [[RemoteWebDriver: firefox on windows (07449a179f1ae82e8fa7492e1c85b3a432ced3e9)] -&amp;gt; xpath: //a[contains(text(),&amp;apos;Add to basket&amp;apos;)]]
Session ID: 07449a179f1ae82e8fa7492e1c85b3a432ced3e9">
      <![CDATA[org.openqa.selenium.ElementClickInterceptedException: Element <a class="button product_type_simple add_to_cart_button ajax_add_to_cart" href="/?add-to-cart=163"> is not clickable at point (959,153) because another element <div class="fc-dialog-overlay"> obscures it
Build info: version: '4.16.1', revision: '9b4c83354e'
System info: os.name: 'Windows 10', os.arch: 'amd64', os.version: '10.0', java.version: '17.0.8.1'
Driver info: org.openqa.selenium.remote.RemoteWebDriver
Command: [07449a179f1ae82e8fa7492e1c85b3a432ced3e9, clickElement {id=e1f8d2f2-bcda-414f-af6f-3d4afc94fa08}]
Capabilities {acceptInsecureCerts: false, browserName: firefox, browserVersion: 121.0, moz:accessibilityChecks: false, moz:buildID: 20231211174248, moz:geckodriverVersion: 0.33.0, moz:headless: false, moz:platformVersion: 10.0, moz:processID: 3572, moz:profile: C:\Windows\proxy\rust_mozpr..., moz:shutdownTimeout: 60000, moz:webdriverClick: true, moz:windowless: false, optimalHubUrl: hub-euw.browserstack.com, pageLoadStrategy: normal, platformName: windows, proxy: Proxy(), setWindowRect: true, strictFileInteractability: false, timeouts: {implicit: 0, pageLoad: 300000, script: 30000}, unhandledPromptBehavior: dismiss and notify, webdriver.remote.sessionid: 07449a179f1ae82e8fa7492e1c8...}
Element: [[RemoteWebDriver: firefox on windows (07449a179f1ae82e8fa7492e1c85b3a432ced3e9)] -> xpath: //a[contains(text(),'Add to basket')]]
Session ID: 07449a179f1ae82e8fa7492e1c85b3a432ced3e9
at org.openqa.selenium.remote.codec.w3c.W3CHttpResponseCodec.createException(W3CHttpResponseCodec.java:200)
at org.openqa.selenium.remote.codec.w3c.W3CHttpResponseCodec.decode(W3CHttpResponseCodec.java:133)
at org.openqa.selenium.remote.codec.w3c.W3CHttpResponseCodec.decode(W3CHttpResponseCodec.java:52)
at org.openqa.selenium.remote.HttpCommandExecutor.execute(HttpCommandExecutor.java:191)
at org.openqa.selenium.remote.RemoteWebDriver.execute(RemoteWebDriver.java:523)
at org.openqa.selenium.remote.RemoteWebElement.execute(RemoteWebElement.java:224)
at org.openqa.selenium.remote.RemoteWebElement.click(RemoteWebElement.java:77)
at pages.HomePage.clickOnAddToBasketBasedOnProductName(HomePage.java:96)
at stepDefinitions.ShoppingSteps.thinking_in_html_book_is_displayed_along_with_its_price(ShoppingSteps.java:34)
at ✽.The "Thinking in HTML" book is displayed along with its price(file:///C:/Users/mohamed.abdelrahman/Documents/QProf-Assignment/AutomationPracticeWebApp/webApp/src/test/java/features/Shopping.feature:7)
... Removed 5 stack frames]]>
    </failure>
  </testcase> <!-- runScenario -->
  <testcase classname="io.cucumber.testng.AbstractTestNGCucumberTests" name="runScenario" time="4.86">
    <failure type="org.openqa.selenium.ElementClickInterceptedException" message="Element &amp;lt;a class=&amp;quot;button product_type_simple add_to_cart_button ajax_add_to_cart&amp;quot; href=&amp;quot;/?add-to-cart=163&amp;quot;&amp;gt; is not clickable at point (959,153) because another element &amp;lt;div class=&amp;quot;fc-dialog-overlay&amp;quot;&amp;gt; obscures it
Build info: version: &amp;apos;4.16.1&amp;apos;, revision: &amp;apos;9b4c83354e&amp;apos;
System info: os.name: &amp;apos;Windows 10&amp;apos;, os.arch: &amp;apos;amd64&amp;apos;, os.version: &amp;apos;10.0&amp;apos;, java.version: &amp;apos;17.0.8.1&amp;apos;
Driver info: org.openqa.selenium.remote.RemoteWebDriver
Command: [508482adf30ffc602290de7b1f846a2b5c01d367, clickElement {id=27790aa2-90de-4dd7-84b9-1a19d168c078}]
Capabilities {acceptInsecureCerts: false, browserName: firefox, browserVersion: 121.0, moz:accessibilityChecks: false, moz:buildID: 20231211174248, moz:geckodriverVersion: 0.33.0, moz:headless: false, moz:platformVersion: 10.0, moz:processID: 15556, moz:profile: C:\Windows\proxy\rust_mozpr..., moz:shutdownTimeout: 60000, moz:webdriverClick: true, moz:windowless: false, optimalHubUrl: hub-euw.browserstack.com, pageLoadStrategy: normal, platformName: windows, proxy: Proxy(), setWindowRect: true, strictFileInteractability: false, timeouts: {implicit: 0, pageLoad: 300000, script: 30000}, unhandledPromptBehavior: dismiss and notify, webdriver.remote.sessionid: 508482adf30ffc602290de7b1f8...}
Element: [[RemoteWebDriver: firefox on windows (508482adf30ffc602290de7b1f846a2b5c01d367)] -&amp;gt; xpath: //a[contains(text(),&amp;apos;Add to basket&amp;apos;)]]
Session ID: 508482adf30ffc602290de7b1f846a2b5c01d367">
      <![CDATA[org.openqa.selenium.ElementClickInterceptedException: Element <a class="button product_type_simple add_to_cart_button ajax_add_to_cart" href="/?add-to-cart=163"> is not clickable at point (959,153) because another element <div class="fc-dialog-overlay"> obscures it
Build info: version: '4.16.1', revision: '9b4c83354e'
System info: os.name: 'Windows 10', os.arch: 'amd64', os.version: '10.0', java.version: '17.0.8.1'
Driver info: org.openqa.selenium.remote.RemoteWebDriver
Command: [508482adf30ffc602290de7b1f846a2b5c01d367, clickElement {id=27790aa2-90de-4dd7-84b9-1a19d168c078}]
Capabilities {acceptInsecureCerts: false, browserName: firefox, browserVersion: 121.0, moz:accessibilityChecks: false, moz:buildID: 20231211174248, moz:geckodriverVersion: 0.33.0, moz:headless: false, moz:platformVersion: 10.0, moz:processID: 15556, moz:profile: C:\Windows\proxy\rust_mozpr..., moz:shutdownTimeout: 60000, moz:webdriverClick: true, moz:windowless: false, optimalHubUrl: hub-euw.browserstack.com, pageLoadStrategy: normal, platformName: windows, proxy: Proxy(), setWindowRect: true, strictFileInteractability: false, timeouts: {implicit: 0, pageLoad: 300000, script: 30000}, unhandledPromptBehavior: dismiss and notify, webdriver.remote.sessionid: 508482adf30ffc602290de7b1f8...}
Element: [[RemoteWebDriver: firefox on windows (508482adf30ffc602290de7b1f846a2b5c01d367)] -> xpath: //a[contains(text(),'Add to basket')]]
Session ID: 508482adf30ffc602290de7b1f846a2b5c01d367
at org.openqa.selenium.remote.codec.w3c.W3CHttpResponseCodec.createException(W3CHttpResponseCodec.java:200)
at org.openqa.selenium.remote.codec.w3c.W3CHttpResponseCodec.decode(W3CHttpResponseCodec.java:133)
at org.openqa.selenium.remote.codec.w3c.W3CHttpResponseCodec.decode(W3CHttpResponseCodec.java:52)
at org.openqa.selenium.remote.HttpCommandExecutor.execute(HttpCommandExecutor.java:191)
at org.openqa.selenium.remote.RemoteWebDriver.execute(RemoteWebDriver.java:523)
at org.openqa.selenium.remote.RemoteWebElement.execute(RemoteWebElement.java:224)
at org.openqa.selenium.remote.RemoteWebElement.click(RemoteWebElement.java:77)
at pages.HomePage.clickOnAddToBasketBasedOnProductName(HomePage.java:96)
at stepDefinitions.CartSteps.user_is_navigated_to_shopping_cart_page(CartSteps.java:21)
at ✽.User is adding "Thinking in HTML" book to the Shopping cart page(file:///C:/Users/mohamed.abdelrahman/Documents/QProf-Assignment/AutomationPracticeWebApp/webApp/src/test/java/features/Checkout.feature:13)
... Removed 5 stack frames]]>
    </failure>
  </testcase> <!-- runScenario -->
  <testcase classname="io.cucumber.testng.AbstractTestNGCucumberTests" name="runScenario" time="3.935">
    <failure type="org.openqa.selenium.ElementClickInterceptedException" message="Element &amp;lt;a class=&amp;quot;button product_type_simple add_to_cart_button ajax_add_to_cart&amp;quot; href=&amp;quot;/?add-to-cart=163&amp;quot;&amp;gt; is not clickable at point (959,153) because another element &amp;lt;div class=&amp;quot;fc-dialog-overlay&amp;quot;&amp;gt; obscures it
Build info: version: &amp;apos;4.16.1&amp;apos;, revision: &amp;apos;9b4c83354e&amp;apos;
System info: os.name: &amp;apos;Windows 10&amp;apos;, os.arch: &amp;apos;amd64&amp;apos;, os.version: &amp;apos;10.0&amp;apos;, java.version: &amp;apos;17.0.8.1&amp;apos;
Driver info: org.openqa.selenium.remote.RemoteWebDriver
Command: [98175ea6055733b201f522ee49a2ee908f5938b7, clickElement {id=ba24402d-c5ef-4ea2-ac2f-5e0981c2c2ca}]
Capabilities {acceptInsecureCerts: false, browserName: firefox, browserVersion: 121.0, moz:accessibilityChecks: false, moz:buildID: 20231211174248, moz:geckodriverVersion: 0.33.0, moz:headless: false, moz:platformVersion: 10.0, moz:processID: 2996, moz:profile: C:\Windows\proxy\rust_mozpr..., moz:shutdownTimeout: 60000, moz:webdriverClick: true, moz:windowless: false, optimalHubUrl: hub-euw.browserstack.com, pageLoadStrategy: normal, platformName: windows, proxy: Proxy(), setWindowRect: true, strictFileInteractability: false, timeouts: {implicit: 0, pageLoad: 300000, script: 30000}, unhandledPromptBehavior: dismiss and notify, webdriver.remote.sessionid: 98175ea6055733b201f522ee49a...}
Element: [[RemoteWebDriver: firefox on windows (98175ea6055733b201f522ee49a2ee908f5938b7)] -&amp;gt; xpath: //a[contains(text(),&amp;apos;Add to basket&amp;apos;)]]
Session ID: 98175ea6055733b201f522ee49a2ee908f5938b7">
      <![CDATA[org.openqa.selenium.ElementClickInterceptedException: Element <a class="button product_type_simple add_to_cart_button ajax_add_to_cart" href="/?add-to-cart=163"> is not clickable at point (959,153) because another element <div class="fc-dialog-overlay"> obscures it
Build info: version: '4.16.1', revision: '9b4c83354e'
System info: os.name: 'Windows 10', os.arch: 'amd64', os.version: '10.0', java.version: '17.0.8.1'
Driver info: org.openqa.selenium.remote.RemoteWebDriver
Command: [98175ea6055733b201f522ee49a2ee908f5938b7, clickElement {id=ba24402d-c5ef-4ea2-ac2f-5e0981c2c2ca}]
Capabilities {acceptInsecureCerts: false, browserName: firefox, browserVersion: 121.0, moz:accessibilityChecks: false, moz:buildID: 20231211174248, moz:geckodriverVersion: 0.33.0, moz:headless: false, moz:platformVersion: 10.0, moz:processID: 2996, moz:profile: C:\Windows\proxy\rust_mozpr..., moz:shutdownTimeout: 60000, moz:webdriverClick: true, moz:windowless: false, optimalHubUrl: hub-euw.browserstack.com, pageLoadStrategy: normal, platformName: windows, proxy: Proxy(), setWindowRect: true, strictFileInteractability: false, timeouts: {implicit: 0, pageLoad: 300000, script: 30000}, unhandledPromptBehavior: dismiss and notify, webdriver.remote.sessionid: 98175ea6055733b201f522ee49a...}
Element: [[RemoteWebDriver: firefox on windows (98175ea6055733b201f522ee49a2ee908f5938b7)] -> xpath: //a[contains(text(),'Add to basket')]]
Session ID: 98175ea6055733b201f522ee49a2ee908f5938b7
at org.openqa.selenium.remote.codec.w3c.W3CHttpResponseCodec.createException(W3CHttpResponseCodec.java:200)
at org.openqa.selenium.remote.codec.w3c.W3CHttpResponseCodec.decode(W3CHttpResponseCodec.java:133)
at org.openqa.selenium.remote.codec.w3c.W3CHttpResponseCodec.decode(W3CHttpResponseCodec.java:52)
at org.openqa.selenium.remote.HttpCommandExecutor.execute(HttpCommandExecutor.java:191)
at org.openqa.selenium.remote.RemoteWebDriver.execute(RemoteWebDriver.java:523)
at org.openqa.selenium.remote.RemoteWebElement.execute(RemoteWebElement.java:224)
at org.openqa.selenium.remote.RemoteWebElement.click(RemoteWebElement.java:77)
at pages.HomePage.clickOnAddToBasketBasedOnProductName(HomePage.java:96)
at stepDefinitions.CartSteps.user_is_navigated_to_shopping_cart_page(CartSteps.java:21)
at ✽.User is adding "Thinking in HTML" book to the Shopping cart page(file:///C:/Users/mohamed.abdelrahman/Documents/QProf-Assignment/AutomationPracticeWebApp/webApp/src/test/java/features/Checkout.feature:7)
... Removed 5 stack frames]]>
    </failure>
  </testcase> <!-- runScenario -->
</testsuite> <!-- TestOnChrome-1 -->
