<?xml version="1.0" encoding="UTF-8"?>
<!-- Generated by org.testng.reporters.JUnitXMLReporter -->
<testsuite ignored="0" hostname="Mohamed-Abdelrahman" failures="0" tests="3" name="TestOnFirefox" time="180.079" errors="0" timestamp="2023-12-27T17:45:14 GMT+02:00">
  <testcase classname="io.cucumber.testng.AbstractTestNGCucumberTests" name="runScenario" time="0.0">
    <skipped/>
  </testcase> <!-- runScenario -->
  <testcase classname="io.cucumber.testng.AbstractTestNGCucumberTests" name="runScenario" time="0.0">
    <skipped/>
  </testcase> <!-- runScenario -->
  <testcase classname="io.cucumber.testng.AbstractTestNGCucumberTests" name="runScenario" time="0.0">
    <skipped/>
  </testcase> <!-- runScenario -->
</testsuite> <!-- TestOnFirefox -->
